/nas/home/ihunghsu/.oh-my-zsh/oh-my-zsh.sh: line 23: autoload: command not found
/nas/home/ihunghsu/.oh-my-zsh/oh-my-zsh.sh: line 34: syntax error near unexpected token `('
/nas/home/ihunghsu/.oh-my-zsh/oh-my-zsh.sh: line 34: `for config_file ($ZSH/lib/*.zsh); do'
{'max_text_length': 30, 'min_text_length': 8, 'sort_dataset': True, 'shuffle': True, 'logdir': './log/regularize_style/style_transfer_proposed_regularize', 'vocab_path': './data/dict.p', 'non_lang_syms_path': './data/non_lang_syms.p', 'dataset_root_dir': './data', 'train_set': 'train', 'pos_train_set': 'pos_train', 'neg_train_set': 'neg_train', 'dev_set': 'val', 'test_set': 'test', 'batch_size': 96, 'ls_weight': 0.0, 'embedding_dim': 100, 'encS_hidden_dim': 64, 'encC_hidden_dim': 256, 'encS_n_layers': 2, 'encC_n_layers': 2, 'enc_dropout_p': 0.2, 'bidir_enc': True, 'pretrain_w2v_path': None, 'update_embedding': True, 'disen_s_hidden_dim': [128, 64], 'disen_c_hidden_dim': [128, 64], 'mimicker_hidden_dim': [128, 64], 'dec_hidden_dim': 256, 'dec_dropout_p': 0.2, 'use_attention': False, 'use_enc_init': True, 's_classifier_hidden_dim': 96, 's_classifier_n_layers': 3, 'n_style_type': 2, 'style_emb_dim': 16, 'learning_rate_m1': 0.001, 'learning_rate_m2': 0.003, 'weight_decay_m1': 1e-07, 'weight_decay_m2': 1e-07, 'load_model_path': './models/', 'load_optimizer': True, 'load_pretrained_style_classifier_path': './models/pretrained_cnn_style_classifier/pretrained_style_classifier_best', 'train_pretrained_style_classifier': False, 'adjust_lr': False, 'retrieve_lr_m1': 0.002, 'retrieve_lr_m2': 0.004, 'init_tf_rate': 1.0, 'tf_start_decay_epochs': 5, 'tf_decay_epochs': 10, 'tf_rate_lowerbound': 0.9, 'change_lr_epoch': None, 'lr_gamma': 0.5, 'epochs': 10, 'max_dec_timesteps': 30, 'max_grad_norm': 5, 'tag': 'style_transfer_proposed_regularize', 'm2_train_freq': 5, 'sample_num': 10, 'model_dir': './models/style_transfer_proposed_regularize', 'model_name': 'style_transfer', 'early_stop_start_epoch': 10, 'early_stop_patience': 5, 'test_file_name': './tests/proposed_regularize'}
Encoder(
  (embedding): Embedding(60000, 100, padding_idx=0)
  (enc): ModuleList(
    (0): GRU(100, 64, batch_first=True, bidirectional=True)
    (1): GRU(128, 64, batch_first=True, bidirectional=True)
  )
)
Encoder(
  (embedding): Embedding(60000, 100, padding_idx=0)
  (enc): ModuleList(
    (0): GRU(100, 256, batch_first=True, bidirectional=True)
    (1): GRU(512, 256, batch_first=True, bidirectional=True)
  )
)
Style_classifier(
  (layers): ModuleList(
    (0): Linear(in_features=128, out_features=96, bias=True)
    (1): Linear(in_features=96, out_features=96, bias=True)
    (2): Linear(in_features=96, out_features=2, bias=True)
  )
)
DenseNet(
  (hidden_layer): ModuleList(
    (0): Linear(in_features=128, out_features=128, bias=True)
    (1): Linear(in_features=128, out_features=64, bias=True)
  )
  (output_layer): Linear(in_features=64, out_features=512, bias=True)
  (activation): LeakyReLU(negative_slope=0.2)
)
Style_classifier(
  (layers): ModuleList(
    (0): Linear(in_features=512, out_features=96, bias=True)
    (1): Linear(in_features=96, out_features=96, bias=True)
    (2): Linear(in_features=96, out_features=2, bias=True)
  )
)
DenseNet(
  (hidden_layer): ModuleList(
    (0): Linear(in_features=513, out_features=128, bias=True)
    (1): Linear(in_features=128, out_features=64, bias=True)
  )
  (output_layer): Linear(in_features=64, out_features=128, bias=True)
  (activation): LeakyReLU(negative_slope=0.2)
)
Decoder(
  (embedding): Embedding(60000, 100, padding_idx=0)
  (GRUCell): GRUCell(740, 256)
  (output_layer): Linear(in_features=256, out_features=60000, bias=True)
  (project): Linear(in_features=640, out_features=256, bias=True)
)
Domain_discri(
  (embedding): Embedding(60000, 100, padding_idx=0)
  (rnn): GRU(100, 256, batch_first=True, bidirectional=True)
  (dnn): Sequential(
    (0): Linear(in_features=512, out_features=200, bias=True)
    (1): ReLU()
    (2): Linear(in_features=200, out_features=2, bias=True)
  )
)
------start training-------
/var/spool/uge-8.6.2/vista14/job_scripts/1575751: line 4: 19435 Killed                  python main.py -m style_regularize -c config/config_proposed_regularize.yaml --test --train --alpha 1 --beta 10 --gamma 10 --delta 100 --zeta 10 --eta 10

----------------------------------------------------------------
|  Error: Your Job exited with error code 137
|         Likely reason: used too much memory, or ran too long
|         Note: mem limit=8.000G
|
|         Please run qacct -j 1575751 for more info
----------------------------------------------------------------

